  Game.cpp
C:\Users\aldo-\OneDrive\job\c++SpaceShooter\spaceShooter\spaceShooter\Bullet.h(11,9): error C2143: syntax error: missing ';' before '*'
C:\Users\aldo-\OneDrive\job\c++SpaceShooter\spaceShooter\spaceShooter\Bullet.h(11,9): error C4430: missing type specifier - int assumed. Note: C++ does not support default-int
C:\Users\aldo-\OneDrive\job\c++SpaceShooter\spaceShooter\spaceShooter\Bullet.h(11,18): error C2238: unexpected token(s) preceding ';'
C:\Users\aldo-\OneDrive\job\c++SpaceShooter\spaceShooter\spaceShooter\Bullet.h(12,9): error C3646: 'sprite': unknown override specifier
C:\Users\aldo-\OneDrive\job\c++SpaceShooter\spaceShooter\spaceShooter\Bullet.h(12,15): error C4430: missing type specifier - int assumed. Note: C++ does not support default-int
  main.cpp
C:\Users\aldo-\OneDrive\job\c++SpaceShooter\spaceShooter\spaceShooter\Bullet.h(11,9): error C2143: syntax error: missing ';' before '*'
C:\Users\aldo-\OneDrive\job\c++SpaceShooter\spaceShooter\spaceShooter\Bullet.h(11,9): error C4430: missing type specifier - int assumed. Note: C++ does not support default-int
C:\Users\aldo-\OneDrive\job\c++SpaceShooter\spaceShooter\spaceShooter\Bullet.h(11,18): error C2238: unexpected token(s) preceding ';'
C:\Users\aldo-\OneDrive\job\c++SpaceShooter\spaceShooter\spaceShooter\Bullet.h(12,9): error C3646: 'sprite': unknown override specifier
C:\Users\aldo-\OneDrive\job\c++SpaceShooter\spaceShooter\spaceShooter\Bullet.h(12,15): error C4430: missing type specifier - int assumed. Note: C++ does not support default-int
  player.cpp
C:\Users\aldo-\OneDrive\job\c++SpaceShooter\spaceShooter\spaceShooter\Bullet.h(11,9): error C2143: syntax error: missing ';' before '*'
C:\Users\aldo-\OneDrive\job\c++SpaceShooter\spaceShooter\spaceShooter\Bullet.h(11,9): error C4430: missing type specifier - int assumed. Note: C++ does not support default-int
C:\Users\aldo-\OneDrive\job\c++SpaceShooter\spaceShooter\spaceShooter\Bullet.h(11,18): error C2238: unexpected token(s) preceding ';'
C:\Users\aldo-\OneDrive\job\c++SpaceShooter\spaceShooter\spaceShooter\Bullet.h(12,9): error C3646: 'sprite': unknown override specifier
C:\Users\aldo-\OneDrive\job\c++SpaceShooter\spaceShooter\spaceShooter\Bullet.h(12,15): error C4430: missing type specifier - int assumed. Note: C++ does not support default-int
  Bullet.cpp
C:\Users\aldo-\OneDrive\job\c++SpaceShooter\spaceShooter\spaceShooter\Bullet.h(11,9): error C2143: syntax error: missing ';' before '*'
C:\Users\aldo-\OneDrive\job\c++SpaceShooter\spaceShooter\spaceShooter\Bullet.h(11,9): error C4430: missing type specifier - int assumed. Note: C++ does not support default-int
C:\Users\aldo-\OneDrive\job\c++SpaceShooter\spaceShooter\spaceShooter\Bullet.h(11,18): error C2238: unexpected token(s) preceding ';'
C:\Users\aldo-\OneDrive\job\c++SpaceShooter\spaceShooter\spaceShooter\Bullet.h(12,9): error C3646: 'sprite': unknown override specifier
C:\Users\aldo-\OneDrive\job\c++SpaceShooter\spaceShooter\spaceShooter\Bullet.h(12,15): error C4430: missing type specifier - int assumed. Note: C++ does not support default-int
  Generating Code...
